<?xml version="1.0" encoding="UTF-8"?>
<!-- Generated by org.testng.reporters.JUnitReportReporter -->
<testsuite hostname="DESKTOP-E3FMKFP" failures="0" tests="1" name="basicTestNG.Sample1" time="0.018" errors="0" timestamp="2022-11-09T19:32:52 IST" skipped="0">
  <testcase classname="basicTestNG.Sample1" name="Display" time="0.018"/>
  <system-out/>
</testsuite> <!-- basicTestNG.Sample1 -->
