<?xml version="1.0" encoding="UTF-8"?>
<!-- Generated by org.testng.reporters.JUnitReportReporter -->
<testsuite hostname="DESKTOP-E3FMKFP" failures="0" tests="8" name="basicTestNG.InvocationCount" time="0.026" errors="0" timestamp="2022-11-09T19:34:53 IST" skipped="0">
  <testcase classname="basicTestNG.InvocationCount" name="xyz" time="0.001"/>
  <system-out/>
  <testcase classname="basicTestNG.InvocationCount" name="efg" time="0.002"/>
  <system-out/>
  <testcase classname="basicTestNG.InvocationCount" name="pqr" time="0.002"/>
  <system-out/>
  <testcase classname="basicTestNG.InvocationCount" name="abc" time="0.014"/>
  <system-out/>
  <testcase classname="basicTestNG.InvocationCount" name="xyz" time="0.001"/>
  <system-out/>
  <testcase classname="basicTestNG.InvocationCount" name="xyz" time="0.001"/>
  <system-out/>
  <testcase classname="basicTestNG.InvocationCount" name="xyz" time="0.002"/>
  <system-out/>
  <testcase classname="basicTestNG.InvocationCount" name="xyz" time="0.003"/>
  <system-out/>
</testsuite> <!-- basicTestNG.InvocationCount -->
