<?xml version="1.0" encoding="UTF-8"?>
<!-- Generated by org.testng.reporters.JUnitReportReporter -->
<testsuite hostname="DESKTOP-E3FMKFP" failures="0" tests="3" name="annoatationEx.Sample" time="0.033" errors="0" timestamp="2022-11-09T20:16:28 IST" skipped="0">
  <testcase classname="annoatationEx.Sample" name="test1" time="0.013"/>
  <system-out/>
  <testcase classname="annoatationEx.Sample" name="test2" time="0.015"/>
  <system-out/>
  <testcase classname="annoatationEx.Sample" name="test3" time="0.005"/>
  <system-out/>
</testsuite> <!-- annoatationEx.Sample -->
