<?xml version="1.0" encoding="UTF-8"?>
<!-- Generated by org.testng.reporters.JUnitReportReporter -->
<testsuite hostname="DESKTOP-E3FMKFP" failures="0" tests="4" name="basicTestNG.EnabledKeyword" time="0.035" errors="0" timestamp="2022-11-09T19:36:00 IST" skipped="1">
  <testcase classname="basicTestNG.EnabledKeyword" name="efg" time="0.013"/>
  <system-out/>
  <testcase classname="basicTestNG.EnabledKeyword" name="xyz" time="0.007"/>
  <system-out/>
  <testcase classname="basicTestNG.EnabledKeyword" name="abc" time="0.015"/>
  <system-out/>
  <testcase classname="basicTestNG.EnabledKeyword" name="pqr">
    <skipped/>
  </testcase> <!-- pqr -->
  <system-out/>
</testsuite> <!-- basicTestNG.EnabledKeyword -->
