<?xml version="1.0" encoding="UTF-8"?>
<!-- Generated by org.testng.reporters.JUnitReportReporter -->
<testsuite hostname="DESKTOP-E3FMKFP" failures="0" tests="3" name="annoatationEx.TestCaseClass" time="0.036" errors="0" timestamp="2022-11-09T20:24:10 IST" skipped="0">
  <testcase classname="annoatationEx.TestCaseClass" name="test2" time="0.012"/>
  <system-out/>
  <testcase classname="annoatationEx.TestCaseClass" name="test1" time="0.014"/>
  <system-out/>
  <testcase classname="annoatationEx.TestCaseClass" name="test3" time="0.010"/>
  <system-out/>
</testsuite> <!-- annoatationEx.TestCaseClass -->
