<?xml version="1.0" encoding="UTF-8"?>
<!-- Generated by org.testng.reporters.JUnitReportReporter -->
<testsuite hostname="DESKTOP-E3FMKFP" failures="0" tests="3" name="basicTestNG.MultipleTests" time="0.024" errors="0" timestamp="2022-11-09T19:33:32 IST" skipped="0">
  <testcase classname="basicTestNG.MultipleTests" name="abc" time="0.019"/>
  <system-out/>
  <testcase classname="basicTestNG.MultipleTests" name="pqr" time="0.002"/>
  <system-out/>
  <testcase classname="basicTestNG.MultipleTests" name="xyz" time="0.003"/>
  <system-out/>
</testsuite> <!-- basicTestNG.MultipleTests -->
